<?xml version="1.0" encoding="UTF-8"?>
<!-- Generated by org.testng.reporters.JUnitReportReporter -->
<testsuite hostname="KRISHNA-HP" name="stepDefination.RunCukesTest" tests="1" failures="0" timestamp="8 Apr 2018 14:53:08 GMT" time="9.667" errors="0">
  <testcase name="run_cukes" time="9.667" classname="stepDefination.RunCukesTest"/>
</testsuite> <!-- stepDefination.RunCukesTest -->
